<?xml version="1.0" encoding="UTF-8"?>
<!-- Generated by org.testng.reporters.JUnitXMLReporter -->
<testsuite ignored="0" hostname="DESKTOP-69UEU7E" failures="0" tests="3" name="FlipkartTest" time="88.09" errors="0" timestamp="2022-07-28T00:58:10 IST">
  <testcase classname="TestClasses.VerifyUserCanLogin" name="VerifyUserCanLogIn" time="20.793"/>
  <testcase classname="TestClasses.VerifyAccountInfo" name="VerifyUserAccountInfo" time="4.556"/>
  <testcase classname="TestClasses.VerifyAccountInfo" name="verifyusercanAddAddress" time="13.144"/>
</testsuite> <!-- FlipkartTest -->
